  chap2_Assign_Matrix.cpp
C:\Users\bhkim\OneDrive - pusan.ac.kr\CProgChapter7New\Assignment\chap2AssignMatrix\chap2_Assign_Matrix.cpp(14,20): error C2087: 'abstract declarator': missing subscript
C:\Users\bhkim\OneDrive - pusan.ac.kr\CProgChapter7New\Assignment\chap2AssignMatrix\chap2_Assign_Matrix.cpp(15,17): error C2087: 'abstract declarator': missing subscript
C:\Users\bhkim\OneDrive - pusan.ac.kr\CProgChapter7New\Assignment\chap2AssignMatrix\chap2_Assign_Matrix.cpp(16,5): error C2760: syntax error: ']' was unexpected here; expected 'id-expression'
C:\Users\bhkim\OneDrive - pusan.ac.kr\CProgChapter7New\Assignment\chap2AssignMatrix\chap2_Assign_Matrix.cpp(16,6): error C2143: syntax error: missing ']' before '['
C:\Users\bhkim\OneDrive - pusan.ac.kr\CProgChapter7New\Assignment\chap2AssignMatrix\chap2_Assign_Matrix.cpp(16,6): error C2059: syntax error: '['
C:\Users\bhkim\OneDrive - pusan.ac.kr\CProgChapter7New\Assignment\chap2AssignMatrix\chap2_Assign_Matrix.cpp(17,5): error C2760: syntax error: ']' was unexpected here; expected 'id-expression'
C:\Users\bhkim\OneDrive - pusan.ac.kr\CProgChapter7New\Assignment\chap2AssignMatrix\chap2_Assign_Matrix.cpp(17,6): error C2143: syntax error: missing ']' before '['
C:\Users\bhkim\OneDrive - pusan.ac.kr\CProgChapter7New\Assignment\chap2AssignMatrix\chap2_Assign_Matrix.cpp(17,6): error C2059: syntax error: '['
C:\Users\bhkim\OneDrive - pusan.ac.kr\CProgChapter7New\Assignment\chap2AssignMatrix\chap2_Assign_Matrix.cpp(23,15): warning C4244: 'argument': conversion from 'time_t' to 'unsigned int', possible loss of data
C:\Users\bhkim\OneDrive - pusan.ac.kr\CProgChapter7New\Assignment\chap2AssignMatrix\chap2_Assign_Matrix.cpp(31,5): error C2664: 'int getData(int [][],int)': cannot convert argument 1 from 'int [3][4]' to 'int [][]'
C:\Users\bhkim\OneDrive - pusan.ac.kr\CProgChapter7New\Assignment\chap2AssignMatrix\chap2_Assign_Matrix.cpp(31,13): message : Types pointed to are unrelated; conversion requires reinterpret_cast, C-style cast or parenthesized function-style cast
C:\Users\bhkim\OneDrive - pusan.ac.kr\CProgChapter7New\Assignment\chap2AssignMatrix\chap2_Assign_Matrix.cpp(14,5): message : see declaration of 'getData'
C:\Users\bhkim\OneDrive - pusan.ac.kr\CProgChapter7New\Assignment\chap2AssignMatrix\chap2_Assign_Matrix.cpp(31,5): message : while trying to match the argument list '(int [3][4], int)'
C:\Users\bhkim\OneDrive - pusan.ac.kr\CProgChapter7New\Assignment\chap2AssignMatrix\chap2_Assign_Matrix.cpp(32,5): error C2664: 'int getData(int [][],int)': cannot convert argument 1 from 'int [3][4]' to 'int [][]'
C:\Users\bhkim\OneDrive - pusan.ac.kr\CProgChapter7New\Assignment\chap2AssignMatrix\chap2_Assign_Matrix.cpp(32,13): message : Types pointed to are unrelated; conversion requires reinterpret_cast, C-style cast or parenthesized function-style cast
C:\Users\bhkim\OneDrive - pusan.ac.kr\CProgChapter7New\Assignment\chap2AssignMatrix\chap2_Assign_Matrix.cpp(14,5): message : see declaration of 'getData'
C:\Users\bhkim\OneDrive - pusan.ac.kr\CProgChapter7New\Assignment\chap2AssignMatrix\chap2_Assign_Matrix.cpp(32,5): message : while trying to match the argument list '(int [3][4], int)'
C:\Users\bhkim\OneDrive - pusan.ac.kr\CProgChapter7New\Assignment\chap2AssignMatrix\chap2_Assign_Matrix.cpp(33,5): error C2664: 'int getData(int [][],int)': cannot convert argument 1 from 'int [4][5]' to 'int [][]'
C:\Users\bhkim\OneDrive - pusan.ac.kr\CProgChapter7New\Assignment\chap2AssignMatrix\chap2_Assign_Matrix.cpp(33,13): message : Types pointed to are unrelated; conversion requires reinterpret_cast, C-style cast or parenthesized function-style cast
C:\Users\bhkim\OneDrive - pusan.ac.kr\CProgChapter7New\Assignment\chap2AssignMatrix\chap2_Assign_Matrix.cpp(14,5): message : see declaration of 'getData'
C:\Users\bhkim\OneDrive - pusan.ac.kr\CProgChapter7New\Assignment\chap2AssignMatrix\chap2_Assign_Matrix.cpp(33,5): message : while trying to match the argument list '(int [4][5], int)'
C:\Users\bhkim\OneDrive - pusan.ac.kr\CProgChapter7New\Assignment\chap2AssignMatrix\chap2_Assign_Matrix.cpp(34,5): error C2664: 'int show(int [][],int)': cannot convert argument 1 from 'int [3][4]' to 'int [][]'
C:\Users\bhkim\OneDrive - pusan.ac.kr\CProgChapter7New\Assignment\chap2AssignMatrix\chap2_Assign_Matrix.cpp(34,10): message : Types pointed to are unrelated; conversion requires reinterpret_cast, C-style cast or parenthesized function-style cast
C:\Users\bhkim\OneDrive - pusan.ac.kr\CProgChapter7New\Assignment\chap2AssignMatrix\chap2_Assign_Matrix.cpp(15,5): message : see declaration of 'show'
C:\Users\bhkim\OneDrive - pusan.ac.kr\CProgChapter7New\Assignment\chap2AssignMatrix\chap2_Assign_Matrix.cpp(34,5): message : while trying to match the argument list '(int [3][4], int)'
C:\Users\bhkim\OneDrive - pusan.ac.kr\CProgChapter7New\Assignment\chap2AssignMatrix\chap2_Assign_Matrix.cpp(34,22): error C2664: 'int show(int [][],int)': cannot convert argument 1 from 'int [3][4]' to 'int [][]'
C:\Users\bhkim\OneDrive - pusan.ac.kr\CProgChapter7New\Assignment\chap2AssignMatrix\chap2_Assign_Matrix.cpp(34,27): message : Types pointed to are unrelated; conversion requires reinterpret_cast, C-style cast or parenthesized function-style cast
C:\Users\bhkim\OneDrive - pusan.ac.kr\CProgChapter7New\Assignment\chap2AssignMatrix\chap2_Assign_Matrix.cpp(15,5): message : see declaration of 'show'
C:\Users\bhkim\OneDrive - pusan.ac.kr\CProgChapter7New\Assignment\chap2AssignMatrix\chap2_Assign_Matrix.cpp(34,22): message : while trying to match the argument list '(int [3][4], int)'
C:\Users\bhkim\OneDrive - pusan.ac.kr\CProgChapter7New\Assignment\chap2AssignMatrix\chap2_Assign_Matrix.cpp(34,39): error C2664: 'int show(int [][],int)': cannot convert argument 1 from 'int [3][4]' to 'int [][]'
C:\Users\bhkim\OneDrive - pusan.ac.kr\CProgChapter7New\Assignment\chap2AssignMatrix\chap2_Assign_Matrix.cpp(34,44): message : Types pointed to are unrelated; conversion requires reinterpret_cast, C-style cast or parenthesized function-style cast
C:\Users\bhkim\OneDrive - pusan.ac.kr\CProgChapter7New\Assignment\chap2AssignMatrix\chap2_Assign_Matrix.cpp(15,5): message : see declaration of 'show'
C:\Users\bhkim\OneDrive - pusan.ac.kr\CProgChapter7New\Assignment\chap2AssignMatrix\chap2_Assign_Matrix.cpp(34,39): message : while trying to match the argument list '(int [3][4], int)'
C:\Users\bhkim\OneDrive - pusan.ac.kr\CProgChapter7New\Assignment\chap2AssignMatrix\chap2_Assign_Matrix.cpp(34,56): error C2664: 'int show(int [][],int)': cannot convert argument 1 from 'int [4][5]' to 'int [][]'
C:\Users\bhkim\OneDrive - pusan.ac.kr\CProgChapter7New\Assignment\chap2AssignMatrix\chap2_Assign_Matrix.cpp(34,61): message : Types pointed to are unrelated; conversion requires reinterpret_cast, C-style cast or parenthesized function-style cast
C:\Users\bhkim\OneDrive - pusan.ac.kr\CProgChapter7New\Assignment\chap2AssignMatrix\chap2_Assign_Matrix.cpp(15,5): message : see declaration of 'show'
C:\Users\bhkim\OneDrive - pusan.ac.kr\CProgChapter7New\Assignment\chap2AssignMatrix\chap2_Assign_Matrix.cpp(34,56): message : while trying to match the argument list '(int [4][5], int)'
C:\Users\bhkim\OneDrive - pusan.ac.kr\CProgChapter7New\Assignment\chap2AssignMatrix\chap2_Assign_Matrix.cpp(35,10): error C3861: 'add': identifier not found
C:\Users\bhkim\OneDrive - pusan.ac.kr\CProgChapter7New\Assignment\chap2AssignMatrix\chap2_Assign_Matrix.cpp(36,5): error C2664: 'int show(int [][],int)': cannot convert argument 1 from 'int [3][4]' to 'int [][]'
C:\Users\bhkim\OneDrive - pusan.ac.kr\CProgChapter7New\Assignment\chap2AssignMatrix\chap2_Assign_Matrix.cpp(36,10): message : Types pointed to are unrelated; conversion requires reinterpret_cast, C-style cast or parenthesized function-style cast
C:\Users\bhkim\OneDrive - pusan.ac.kr\CProgChapter7New\Assignment\chap2AssignMatrix\chap2_Assign_Matrix.cpp(15,5): message : see declaration of 'show'
C:\Users\bhkim\OneDrive - pusan.ac.kr\CProgChapter7New\Assignment\chap2AssignMatrix\chap2_Assign_Matrix.cpp(36,5): message : while trying to match the argument list '(int [3][4], int)'
C:\Users\bhkim\OneDrive - pusan.ac.kr\CProgChapter7New\Assignment\chap2AssignMatrix\chap2_Assign_Matrix.cpp(37,14): error C3861: 'add': identifier not found
C:\Users\bhkim\OneDrive - pusan.ac.kr\CProgChapter7New\Assignment\chap2AssignMatrix\chap2_Assign_Matrix.cpp(37,10): error C3861: 'add': identifier not found
C:\Users\bhkim\OneDrive - pusan.ac.kr\CProgChapter7New\Assignment\chap2AssignMatrix\chap2_Assign_Matrix.cpp(38,5): error C2664: 'int show(int [][],int)': cannot convert argument 1 from 'int [3][4]' to 'int [][]'
C:\Users\bhkim\OneDrive - pusan.ac.kr\CProgChapter7New\Assignment\chap2AssignMatrix\chap2_Assign_Matrix.cpp(38,10): message : Types pointed to are unrelated; conversion requires reinterpret_cast, C-style cast or parenthesized function-style cast
C:\Users\bhkim\OneDrive - pusan.ac.kr\CProgChapter7New\Assignment\chap2AssignMatrix\chap2_Assign_Matrix.cpp(15,5): message : see declaration of 'show'
C:\Users\bhkim\OneDrive - pusan.ac.kr\CProgChapter7New\Assignment\chap2AssignMatrix\chap2_Assign_Matrix.cpp(38,5): message : while trying to match the argument list '(int [3][4], int)'
C:\Users\bhkim\OneDrive - pusan.ac.kr\CProgChapter7New\Assignment\chap2AssignMatrix\chap2_Assign_Matrix.cpp(39,9): error C3861: 'multiply': identifier not found
C:\Users\bhkim\OneDrive - pusan.ac.kr\CProgChapter7New\Assignment\chap2AssignMatrix\chap2_Assign_Matrix.cpp(40,5): error C2664: 'int show(int [][],int)': cannot convert argument 1 from 'int [3][5]' to 'int [][]'
C:\Users\bhkim\OneDrive - pusan.ac.kr\CProgChapter7New\Assignment\chap2AssignMatrix\chap2_Assign_Matrix.cpp(40,10): message : Types pointed to are unrelated; conversion requires reinterpret_cast, C-style cast or parenthesized function-style cast
C:\Users\bhkim\OneDrive - pusan.ac.kr\CProgChapter7New\Assignment\chap2AssignMatrix\chap2_Assign_Matrix.cpp(15,5): message : see declaration of 'show'
C:\Users\bhkim\OneDrive - pusan.ac.kr\CProgChapter7New\Assignment\chap2AssignMatrix\chap2_Assign_Matrix.cpp(40,5): message : while trying to match the argument list '(int [3][5], int)'
C:\Users\bhkim\OneDrive - pusan.ac.kr\CProgChapter7New\Assignment\chap2AssignMatrix\chap2_Assign_Matrix.cpp(41,18): error C3861: 'multiply': identifier not found
C:\Users\bhkim\OneDrive - pusan.ac.kr\CProgChapter7New\Assignment\chap2AssignMatrix\chap2_Assign_Matrix.cpp(41,9): error C3861: 'multiply': identifier not found
C:\Users\bhkim\OneDrive - pusan.ac.kr\CProgChapter7New\Assignment\chap2AssignMatrix\chap2_Assign_Matrix.cpp(41,57): error C2059: syntax error: ')'
C:\Users\bhkim\OneDrive - pusan.ac.kr\CProgChapter7New\Assignment\chap2AssignMatrix\chap2_Assign_Matrix.cpp(42,5): error C2664: 'int show(int [][],int)': cannot convert argument 1 from 'int [3][5]' to 'int [][]'
C:\Users\bhkim\OneDrive - pusan.ac.kr\CProgChapter7New\Assignment\chap2AssignMatrix\chap2_Assign_Matrix.cpp(42,10): message : Types pointed to are unrelated; conversion requires reinterpret_cast, C-style cast or parenthesized function-style cast
C:\Users\bhkim\OneDrive - pusan.ac.kr\CProgChapter7New\Assignment\chap2AssignMatrix\chap2_Assign_Matrix.cpp(15,5): message : see declaration of 'show'
C:\Users\bhkim\OneDrive - pusan.ac.kr\CProgChapter7New\Assignment\chap2AssignMatrix\chap2_Assign_Matrix.cpp(42,5): message : while trying to match the argument list '(int [3][5], int)'
